<?xml version="1.0" encoding="UTF-8"?>
<testsuite xmlns:xsi="http://www.w3.org/2001/XMLSchema-instance" xsi:noNamespaceSchemaLocation="https://maven.apache.org/surefire/maven-surefire-plugin/xsd/surefire-test-report-3.0.xsd" version="3.0" name="ContactTest" time="0.047" tests="11" errors="0" skipped="0" failures="0">
  <properties>
[...]
</properties>
  <testcase name="allTheProperThingsConstructorTest" classname="ContactTest" time="0.004"/>
  <testcase name="updateLastNameTest" classname="ContactTest" time="0.003"/>
  <testcase name="updateFirstNameTest" classname="ContactTest" time="0.005"/>
  <testcase name="contactIdFullNamePhoneNumberConstructorTest" classname="ContactTest" time="0.002"/>
  <testcase name="contactIdConstructorTest" classname="ContactTest" time="0.002"/>
  <testcase name="contactTest" classname="ContactTest" time="0.002"/>
  <testcase name="updateContactIdTest" classname="ContactTest" time="0.002"/>
  <testcase name="updatePhoneNumberTest" classname="ContactTest" time="0.005"/>
  <testcase name="contactIdAndFirstNameConstructorTest" classname="ContactTest" time="0.002"/>
  <testcase name="contactIdAndFullNameConstructorTest" classname="ContactTest" time="0.003"/>
  <testcase name="updateAddressTest" classname="ContactTest" time="0.003"/>
</testsuite>